Symlinking /home/olivier/TESP2018/devel/share/common-lisp/ros/vib_touch_msgs/msg/_package_VibArray.lisp
Symlinking /home/olivier/TESP2018/devel/share/common-lisp/ros/vib_touch_msgs/msg/vib_touch_msgs-msg.asd
Symlinking /home/olivier/TESP2018/devel/share/common-lisp/ros/vib_touch_msgs/msg/Spectrum.lisp
Symlinking /home/olivier/TESP2018/devel/share/common-lisp/ros/vib_touch_msgs/msg/VibArray.lisp
Symlinking /home/olivier/TESP2018/devel/share/common-lisp/ros/vib_touch_msgs/msg/_package.lisp
Symlinking /home/olivier/TESP2018/devel/share/common-lisp/ros/vib_touch_msgs/msg/_package_Spectrum.lisp
Symlinking /home/olivier/TESP2018/devel/share/vib_touch_msgs/cmake/vib_touch_msgs-msg-extras.cmake
Symlinking /home/olivier/TESP2018/devel/share/vib_touch_msgs/cmake/vib_touch_msgsConfig-version.cmake
Symlinking /home/olivier/TESP2018/devel/share/vib_touch_msgs/cmake/vib_touch_msgsConfig.cmake
Symlinking /home/olivier/TESP2018/devel/share/vib_touch_msgs/cmake/vib_touch_msgs-msg-paths.cmake
Symlinking /home/olivier/TESP2018/devel/share/gennodejs/ros/vib_touch_msgs/_index.js
Symlinking /home/olivier/TESP2018/devel/share/gennodejs/ros/vib_touch_msgs/msg/Spectrum.js
Symlinking /home/olivier/TESP2018/devel/share/gennodejs/ros/vib_touch_msgs/msg/VibArray.js
Symlinking /home/olivier/TESP2018/devel/share/gennodejs/ros/vib_touch_msgs/msg/_index.js
Symlinking /home/olivier/TESP2018/devel/share/roseus/ros/vib_touch_msgs/manifest.l
Symlinking /home/olivier/TESP2018/devel/share/roseus/ros/vib_touch_msgs/msg/Spectrum.l
Symlinking /home/olivier/TESP2018/devel/share/roseus/ros/vib_touch_msgs/msg/VibArray.l
Symlinking /home/olivier/TESP2018/devel/lib/python2.7/dist-packages/vib_touch_msgs/__init__.py
Symlinking /home/olivier/TESP2018/devel/lib/python2.7/dist-packages/vib_touch_msgs/msg/_VibArray.py
Symlinking /home/olivier/TESP2018/devel/lib/python2.7/dist-packages/vib_touch_msgs/msg/_Spectrum.py
Symlinking /home/olivier/TESP2018/devel/lib/python2.7/dist-packages/vib_touch_msgs/msg/__init__.py
Symlinking /home/olivier/TESP2018/devel/lib/pkgconfig/vib_touch_msgs.pc
Symlinking /home/olivier/TESP2018/devel/include/vib_touch_msgs/Spectrum.h
Symlinking /home/olivier/TESP2018/devel/include/vib_touch_msgs/VibArray.h
