Linked: (/home/olivier/TESP2018/devel/.private/vib_touch_msgs/share/common-lisp/ros/vib_touch_msgs/msg/_package_VibArray.lisp, /home/olivier/TESP2018/devel/share/common-lisp/ros/vib_touch_msgs/msg/_package_VibArray.lisp)
Linked: (/home/olivier/TESP2018/devel/.private/vib_touch_msgs/share/common-lisp/ros/vib_touch_msgs/msg/vib_touch_msgs-msg.asd, /home/olivier/TESP2018/devel/share/common-lisp/ros/vib_touch_msgs/msg/vib_touch_msgs-msg.asd)
Linked: (/home/olivier/TESP2018/devel/.private/vib_touch_msgs/share/common-lisp/ros/vib_touch_msgs/msg/Spectrum.lisp, /home/olivier/TESP2018/devel/share/common-lisp/ros/vib_touch_msgs/msg/Spectrum.lisp)
Linked: (/home/olivier/TESP2018/devel/.private/vib_touch_msgs/share/common-lisp/ros/vib_touch_msgs/msg/VibArray.lisp, /home/olivier/TESP2018/devel/share/common-lisp/ros/vib_touch_msgs/msg/VibArray.lisp)
Linked: (/home/olivier/TESP2018/devel/.private/vib_touch_msgs/share/common-lisp/ros/vib_touch_msgs/msg/_package.lisp, /home/olivier/TESP2018/devel/share/common-lisp/ros/vib_touch_msgs/msg/_package.lisp)
Linked: (/home/olivier/TESP2018/devel/.private/vib_touch_msgs/share/common-lisp/ros/vib_touch_msgs/msg/_package_Spectrum.lisp, /home/olivier/TESP2018/devel/share/common-lisp/ros/vib_touch_msgs/msg/_package_Spectrum.lisp)
Linked: (/home/olivier/TESP2018/devel/.private/vib_touch_msgs/share/vib_touch_msgs/cmake/vib_touch_msgs-msg-extras.cmake, /home/olivier/TESP2018/devel/share/vib_touch_msgs/cmake/vib_touch_msgs-msg-extras.cmake)
Linked: (/home/olivier/TESP2018/devel/.private/vib_touch_msgs/share/vib_touch_msgs/cmake/vib_touch_msgsConfig-version.cmake, /home/olivier/TESP2018/devel/share/vib_touch_msgs/cmake/vib_touch_msgsConfig-version.cmake)
Linked: (/home/olivier/TESP2018/devel/.private/vib_touch_msgs/share/vib_touch_msgs/cmake/vib_touch_msgsConfig.cmake, /home/olivier/TESP2018/devel/share/vib_touch_msgs/cmake/vib_touch_msgsConfig.cmake)
Linked: (/home/olivier/TESP2018/devel/.private/vib_touch_msgs/share/vib_touch_msgs/cmake/vib_touch_msgs-msg-paths.cmake, /home/olivier/TESP2018/devel/share/vib_touch_msgs/cmake/vib_touch_msgs-msg-paths.cmake)
Linked: (/home/olivier/TESP2018/devel/.private/vib_touch_msgs/share/gennodejs/ros/vib_touch_msgs/_index.js, /home/olivier/TESP2018/devel/share/gennodejs/ros/vib_touch_msgs/_index.js)
Linked: (/home/olivier/TESP2018/devel/.private/vib_touch_msgs/share/gennodejs/ros/vib_touch_msgs/msg/Spectrum.js, /home/olivier/TESP2018/devel/share/gennodejs/ros/vib_touch_msgs/msg/Spectrum.js)
Linked: (/home/olivier/TESP2018/devel/.private/vib_touch_msgs/share/gennodejs/ros/vib_touch_msgs/msg/VibArray.js, /home/olivier/TESP2018/devel/share/gennodejs/ros/vib_touch_msgs/msg/VibArray.js)
Linked: (/home/olivier/TESP2018/devel/.private/vib_touch_msgs/share/gennodejs/ros/vib_touch_msgs/msg/_index.js, /home/olivier/TESP2018/devel/share/gennodejs/ros/vib_touch_msgs/msg/_index.js)
Linked: (/home/olivier/TESP2018/devel/.private/vib_touch_msgs/share/roseus/ros/vib_touch_msgs/manifest.l, /home/olivier/TESP2018/devel/share/roseus/ros/vib_touch_msgs/manifest.l)
Linked: (/home/olivier/TESP2018/devel/.private/vib_touch_msgs/share/roseus/ros/vib_touch_msgs/msg/Spectrum.l, /home/olivier/TESP2018/devel/share/roseus/ros/vib_touch_msgs/msg/Spectrum.l)
Linked: (/home/olivier/TESP2018/devel/.private/vib_touch_msgs/share/roseus/ros/vib_touch_msgs/msg/VibArray.l, /home/olivier/TESP2018/devel/share/roseus/ros/vib_touch_msgs/msg/VibArray.l)
Linked: (/home/olivier/TESP2018/devel/.private/vib_touch_msgs/lib/python2.7/dist-packages/vib_touch_msgs/__init__.py, /home/olivier/TESP2018/devel/lib/python2.7/dist-packages/vib_touch_msgs/__init__.py)
Linked: (/home/olivier/TESP2018/devel/.private/vib_touch_msgs/lib/python2.7/dist-packages/vib_touch_msgs/msg/_VibArray.py, /home/olivier/TESP2018/devel/lib/python2.7/dist-packages/vib_touch_msgs/msg/_VibArray.py)
Linked: (/home/olivier/TESP2018/devel/.private/vib_touch_msgs/lib/python2.7/dist-packages/vib_touch_msgs/msg/_Spectrum.py, /home/olivier/TESP2018/devel/lib/python2.7/dist-packages/vib_touch_msgs/msg/_Spectrum.py)
Linked: (/home/olivier/TESP2018/devel/.private/vib_touch_msgs/lib/python2.7/dist-packages/vib_touch_msgs/msg/__init__.py, /home/olivier/TESP2018/devel/lib/python2.7/dist-packages/vib_touch_msgs/msg/__init__.py)
Linked: (/home/olivier/TESP2018/devel/.private/vib_touch_msgs/lib/pkgconfig/vib_touch_msgs.pc, /home/olivier/TESP2018/devel/lib/pkgconfig/vib_touch_msgs.pc)
Linked: (/home/olivier/TESP2018/devel/.private/vib_touch_msgs/include/vib_touch_msgs/Spectrum.h, /home/olivier/TESP2018/devel/include/vib_touch_msgs/Spectrum.h)
Linked: (/home/olivier/TESP2018/devel/.private/vib_touch_msgs/include/vib_touch_msgs/VibArray.h, /home/olivier/TESP2018/devel/include/vib_touch_msgs/VibArray.h)
