[35m[1mScanning dependencies of target _vib_touch_msgs_generate_messages_check_deps_Spectrum[0m
[35m[1mScanning dependencies of target _vib_touch_msgs_generate_messages_check_deps_VibArray[0m
[35m[1mScanning dependencies of target std_msgs_generate_messages_py[0m
[35m[1mScanning dependencies of target std_msgs_generate_messages_cpp[0m
[35m[1mScanning dependencies of target std_msgs_generate_messages_eus[0m
[35m[1mScanning dependencies of target std_msgs_generate_messages_nodejs[0m
[35m[1mScanning dependencies of target std_msgs_generate_messages_lisp[0m
[  0%] Built target std_msgs_generate_messages_py
[  0%] Built target std_msgs_generate_messages_cpp
[  0%] Built target std_msgs_generate_messages_nodejs
[  0%] Built target std_msgs_generate_messages_lisp
[  0%] Built target std_msgs_generate_messages_eus
[  0%] Built target _vib_touch_msgs_generate_messages_check_deps_Spectrum
[  0%] Built target _vib_touch_msgs_generate_messages_check_deps_VibArray
[35m[1mScanning dependencies of target vib_touch_msgs_generate_messages_cpp[0m
[35m[1mScanning dependencies of target vib_touch_msgs_generate_messages_eus[0m
[35m[1mScanning dependencies of target vib_touch_msgs_generate_messages_py[0m
[35m[1mScanning dependencies of target vib_touch_msgs_generate_messages_nodejs[0m
[35m[1mScanning dependencies of target vib_touch_msgs_generate_messages_lisp[0m
[  8%] [34m[1mGenerating C++ code from vib_touch_msgs/VibArray.msg[0m
[ 16%] [34m[1mGenerating C++ code from vib_touch_msgs/Spectrum.msg[0m
[ 25%] [34m[1mGenerating Python from MSG vib_touch_msgs/VibArray[0m
[ 50%] [34m[1mGenerating EusLisp code from vib_touch_msgs/VibArray.msg[0m
[ 50%] [34m[1mGenerating Python from MSG vib_touch_msgs/Spectrum[0m
[ 50%] [34m[1mGenerating EusLisp code from vib_touch_msgs/Spectrum.msg[0m
[ 58%] [34m[1mGenerating Lisp code from vib_touch_msgs/VibArray.msg[0m
[ 66%] [34m[1mGenerating Javascript code from vib_touch_msgs/VibArray.msg[0m
[ 75%] [34m[1mGenerating Javascript code from vib_touch_msgs/Spectrum.msg[0m
[ 83%] [34m[1mGenerating Lisp code from vib_touch_msgs/Spectrum.msg[0m
[ 91%] [34m[1mGenerating EusLisp manifest code for vib_touch_msgs[0m
[ 91%] Built target vib_touch_msgs_generate_messages_nodejs
[ 91%] Built target vib_touch_msgs_generate_messages_lisp
[100%] [34m[1mGenerating Python msg __init__.py for vib_touch_msgs[0m
[100%] Built target vib_touch_msgs_generate_messages_cpp
[100%] Built target vib_touch_msgs_generate_messages_py
[100%] Built target vib_touch_msgs_generate_messages_eus
[35m[1mScanning dependencies of target vib_touch_msgs_generate_messages[0m
[100%] Built target vib_touch_msgs_generate_messages
